2021-04-16T14:56:24+00:00 CRITICAL Uncaught Error: Call to undefined function wi_autosearch_suggest_form() in D:\wamp64\www\meromarketing\topupdeal\wp-content\themes\topupdeal\header.php:116
Stack trace:
#0 D:\wamp64\www\meromarketing\topupdeal\wp-includes\template.php(730): require_once()
#1 D:\wamp64\www\meromarketing\topupdeal\wp-includes\template.php(676): load_template('D:\\wamp64\\www\\m...', true, Array)
#2 D:\wamp64\www\meromarketing\topupdeal\wp-includes\general-template.php(48): locate_template(Array, true, true, Array)
#3 D:\wamp64\www\meromarketing\topupdeal\wp-content\themes\topupdeal\front-page.php(10): get_header()
#4 D:\wamp64\www\meromarketing\topupdeal\wp-includes\template-loader.php(106): include('D:\\wamp64\\www\\m...')
#5 D:\wamp64\www\meromarketing\topupdeal\wp-blog-header.php(19): require_once('D:\\wamp64\\www\\m...')
#6 D:\wamp64\www\meromarketing\topupdeal\index.php(17): require('D:\\wamp64\\www\\m...')
#7 {main}
  thrown in D:\wamp64\www\meromarketing\topupdeal\wp-content\themes\topupdeal\header.php on line 116

2021-04-16T14:56:31+00:00 CRITICAL Uncaught Error: Call to undefined function wi_autosearch_suggest_form() in D:\wamp64\www\meromarketing\topupdeal\wp-content\themes\topupdeal\header.php:116
Stack trace:
#0 D:\wamp64\www\meromarketing\topupdeal\wp-includes\template.php(730): require_once()
#1 D:\wamp64\www\meromarketing\topupdeal\wp-includes\template.php(676): load_template('D:\\wamp64\\www\\m...', true, Array)
#2 D:\wamp64\www\meromarketing\topupdeal\wp-includes\general-template.php(48): locate_template(Array, true, true, Array)
#3 D:\wamp64\www\meromarketing\topupdeal\wp-content\themes\topupdeal\front-page.php(10): get_header()
#4 D:\wamp64\www\meromarketing\topupdeal\wp-includes\template-loader.php(106): include('D:\\wamp64\\www\\m...')
#5 D:\wamp64\www\meromarketing\topupdeal\wp-blog-header.php(19): require_once('D:\\wamp64\\www\\m...')
#6 D:\wamp64\www\meromarketing\topupdeal\index.php(17): require('D:\\wamp64\\www\\m...')
#7 {main}
  thrown in D:\wamp64\www\meromarketing\topupdeal\wp-content\themes\topupdeal\header.php on line 116

2021-04-16T16:21:59+00:00 CRITICAL Uncaught Error: Call to undefined function get_the_post() in D:\wamp64\www\meromarketing\topupdeal\wp-content\themes\topupdeal\search.php:29
Stack trace:
#0 D:\wamp64\www\meromarketing\topupdeal\wp-includes\template-loader.php(106): include()
#1 D:\wamp64\www\meromarketing\topupdeal\wp-blog-header.php(19): require_once('D:\\wamp64\\www\\m...')
#2 D:\wamp64\www\meromarketing\topupdeal\index.php(17): require('D:\\wamp64\\www\\m...')
#3 {main}
  thrown in D:\wamp64\www\meromarketing\topupdeal\wp-content\themes\topupdeal\search.php on line 29

2021-04-16T16:22:04+00:00 CRITICAL Uncaught Error: Call to undefined function get_the_post() in D:\wamp64\www\meromarketing\topupdeal\wp-content\themes\topupdeal\search.php:29
Stack trace:
#0 D:\wamp64\www\meromarketing\topupdeal\wp-includes\template-loader.php(106): include()
#1 D:\wamp64\www\meromarketing\topupdeal\wp-blog-header.php(19): require_once('D:\\wamp64\\www\\m...')
#2 D:\wamp64\www\meromarketing\topupdeal\index.php(17): require('D:\\wamp64\\www\\m...')
#3 {main}
  thrown in D:\wamp64\www\meromarketing\topupdeal\wp-content\themes\topupdeal\search.php on line 29

