2021-03-28T05:15:02+00:00 CRITICAL syntax error, unexpected 'endforeach' (T_ENDFOREACH), expecting end of file in D:\wamp64\www\meromarketing\topupdeal\wp-content\themes\topupdeal\framework-customizations\extensions\shortcodes\shortcodes\home-banners\views\view.php on line 56

2021-03-28T05:15:10+00:00 CRITICAL syntax error, unexpected 'endforeach' (T_ENDFOREACH), expecting end of file in D:\wamp64\www\meromarketing\topupdeal\wp-content\themes\topupdeal\framework-customizations\extensions\shortcodes\shortcodes\home-banners\views\view.php on line 56

2021-03-28T05:15:28+00:00 CRITICAL syntax error, unexpected 'endforeach' (T_ENDFOREACH), expecting end of file in D:\wamp64\www\meromarketing\topupdeal\wp-content\themes\topupdeal\framework-customizations\extensions\shortcodes\shortcodes\home-banners\views\view.php on line 56

2021-03-28T05:49:55+00:00 CRITICAL syntax error, unexpected 'endwhile' (T_ENDWHILE), expecting elseif (T_ELSEIF) or else (T_ELSE) or endif (T_ENDIF) in D:\wamp64\www\meromarketing\topupdeal\wp-content\themes\topupdeal\framework-customizations\extensions\shortcodes\shortcodes\sales\views\view.php on line 96

2021-03-28T05:50:33+00:00 CRITICAL syntax error, unexpected 'endwhile' (T_ENDWHILE), expecting elseif (T_ELSEIF) or else (T_ELSE) or endif (T_ENDIF) in D:\wamp64\www\meromarketing\topupdeal\wp-content\themes\topupdeal\framework-customizations\extensions\shortcodes\shortcodes\sales\views\view.php on line 96

2021-03-28T05:50:56+00:00 CRITICAL syntax error, unexpected 'endwhile' (T_ENDWHILE), expecting elseif (T_ELSEIF) or else (T_ELSE) or endif (T_ENDIF) in D:\wamp64\www\meromarketing\topupdeal\wp-content\themes\topupdeal\framework-customizations\extensions\shortcodes\shortcodes\sales\views\view.php on line 97

2021-03-28T05:53:55+00:00 CRITICAL Uncaught Error: Call to undefined method WC_Product_Query::get_posts() in D:\wamp64\www\meromarketing\topupdeal\wp-content\themes\topupdeal\framework-customizations\extensions\shortcodes\shortcodes\sales\views\view.php:57
Stack trace:
#0 D:\wamp64\www\meromarketing\topupdeal\wp-content\plugins\unyson\framework\helpers\general.php(745): require()
#1 D:\wamp64\www\meromarketing\topupdeal\wp-content\themes\topupdeal\framework-customizations\extensions\shortcodes\shortcodes\sales\class-fw-shortcode-sales.php(9): fw_render_view('D:\\wamp64\\www\\m...', NULL)
#2 D:\wamp64\www\meromarketing\topupdeal\wp-content\plugins\unyson\framework\extensions\shortcodes\includes\class-fw-shortcode.php(191): FW_Shortcode_Sales->_render(Array, '')
#3 D:\wamp64\www\meromarketing\topupdeal\wp-includes\shortcodes.php(343): FW_Shortcode->render(Array, '', 'sales')
#4 [internal function]: do_shortcode_tag(Array)
#5 D:\wamp64\www\meromarketing\topupdeal\wp-includes\shortcodes.php(218): preg_replace_callback('/\\[(\\[?)(sales)...', 'do_s in D:\wamp64\www\meromarketing\topupdeal\wp-content\themes\topupdeal\framework-customizations\extensions\shortcodes\shortcodes\sales\views\view.php on line 57

2021-03-28T05:54:20+00:00 CRITICAL Uncaught Error: Call to undefined method WC_Product_Query::get_posts() in D:\wamp64\www\meromarketing\topupdeal\wp-content\themes\topupdeal\framework-customizations\extensions\shortcodes\shortcodes\sales\views\view.php:57
Stack trace:
#0 D:\wamp64\www\meromarketing\topupdeal\wp-content\plugins\unyson\framework\helpers\general.php(745): require()
#1 D:\wamp64\www\meromarketing\topupdeal\wp-content\themes\topupdeal\framework-customizations\extensions\shortcodes\shortcodes\sales\class-fw-shortcode-sales.php(9): fw_render_view('D:\\wamp64\\www\\m...', NULL)
#2 D:\wamp64\www\meromarketing\topupdeal\wp-content\plugins\unyson\framework\extensions\shortcodes\includes\class-fw-shortcode.php(191): FW_Shortcode_Sales->_render(Array, '')
#3 D:\wamp64\www\meromarketing\topupdeal\wp-includes\shortcodes.php(343): FW_Shortcode->render(Array, '', 'sales')
#4 [internal function]: do_shortcode_tag(Array)
#5 D:\wamp64\www\meromarketing\topupdeal\wp-includes\shortcodes.php(218): preg_replace_callback('/\\[(\\[?)(sales)...', 'do_s in D:\wamp64\www\meromarketing\topupdeal\wp-content\themes\topupdeal\framework-customizations\extensions\shortcodes\shortcodes\sales\views\view.php on line 57

2021-03-28T05:54:28+00:00 CRITICAL Uncaught Error: Call to undefined method WC_Product_Query::get_posts() in D:\wamp64\www\meromarketing\topupdeal\wp-content\themes\topupdeal\framework-customizations\extensions\shortcodes\shortcodes\sales\views\view.php:57
Stack trace:
#0 D:\wamp64\www\meromarketing\topupdeal\wp-content\plugins\unyson\framework\helpers\general.php(745): require()
#1 D:\wamp64\www\meromarketing\topupdeal\wp-content\themes\topupdeal\framework-customizations\extensions\shortcodes\shortcodes\sales\class-fw-shortcode-sales.php(9): fw_render_view('D:\\wamp64\\www\\m...', NULL)
#2 D:\wamp64\www\meromarketing\topupdeal\wp-content\plugins\unyson\framework\extensions\shortcodes\includes\class-fw-shortcode.php(191): FW_Shortcode_Sales->_render(Array, '')
#3 D:\wamp64\www\meromarketing\topupdeal\wp-includes\shortcodes.php(343): FW_Shortcode->render(Array, '', 'sales')
#4 [internal function]: do_shortcode_tag(Array)
#5 D:\wamp64\www\meromarketing\topupdeal\wp-includes\shortcodes.php(218): preg_replace_callback('/\\[(\\[?)(sales)...', 'do_s in D:\wamp64\www\meromarketing\topupdeal\wp-content\themes\topupdeal\framework-customizations\extensions\shortcodes\shortcodes\sales\views\view.php on line 57

2021-03-28T05:55:08+00:00 CRITICAL Uncaught Error: Call to a member function have_posts() on null in D:\wamp64\www\meromarketing\topupdeal\wp-content\themes\topupdeal\framework-customizations\extensions\shortcodes\shortcodes\sales\views\view.php:59
Stack trace:
#0 D:\wamp64\www\meromarketing\topupdeal\wp-content\plugins\unyson\framework\helpers\general.php(745): require()
#1 D:\wamp64\www\meromarketing\topupdeal\wp-content\themes\topupdeal\framework-customizations\extensions\shortcodes\shortcodes\sales\class-fw-shortcode-sales.php(9): fw_render_view('D:\\wamp64\\www\\m...', NULL)
#2 D:\wamp64\www\meromarketing\topupdeal\wp-content\plugins\unyson\framework\extensions\shortcodes\includes\class-fw-shortcode.php(191): FW_Shortcode_Sales->_render(Array, '')
#3 D:\wamp64\www\meromarketing\topupdeal\wp-includes\shortcodes.php(343): FW_Shortcode->render(Array, '', 'sales')
#4 [internal function]: do_shortcode_tag(Array)
#5 D:\wamp64\www\meromarketing\topupdeal\wp-includes\shortcodes.php(218): preg_replace_callback('/\\[(\\[?)(sales)...', 'do_shortcode in D:\wamp64\www\meromarketing\topupdeal\wp-content\themes\topupdeal\framework-customizations\extensions\shortcodes\shortcodes\sales\views\view.php on line 59

2021-03-28T07:18:34+00:00 CRITICAL syntax error, unexpected 'endforeach' (T_ENDFOREACH), expecting elseif (T_ELSEIF) or else (T_ELSE) or endif (T_ENDIF) in D:\wamp64\www\meromarketing\topupdeal\wp-content\themes\topupdeal\framework-customizations\extensions\shortcodes\shortcodes\sales\views\view.php on line 95

2021-03-28T07:18:46+00:00 CRITICAL syntax error, unexpected 'endforeach' (T_ENDFOREACH), expecting elseif (T_ELSEIF) or else (T_ELSE) or endif (T_ENDIF) in D:\wamp64\www\meromarketing\topupdeal\wp-content\themes\topupdeal\framework-customizations\extensions\shortcodes\shortcodes\sales\views\view.php on line 95

2021-03-28T07:18:50+00:00 CRITICAL syntax error, unexpected 'endforeach' (T_ENDFOREACH), expecting elseif (T_ELSEIF) or else (T_ELSE) or endif (T_ENDIF) in D:\wamp64\www\meromarketing\topupdeal\wp-content\themes\topupdeal\framework-customizations\extensions\shortcodes\shortcodes\sales\views\view.php on line 95

2021-03-28T08:02:12+00:00 CRITICAL syntax error, unexpected '=' in D:\wamp64\www\meromarketing\topupdeal\wp-content\themes\topupdeal\framework-customizations\extensions\shortcodes\shortcodes\sales\class-fw-shortcode-sales.php on line 7

2021-03-28T08:03:00+00:00 CRITICAL syntax error, unexpected '=' in D:\wamp64\www\meromarketing\topupdeal\wp-content\themes\topupdeal\framework-customizations\extensions\shortcodes\shortcodes\sales\class-fw-shortcode-sales.php on line 7

2021-03-28T08:03:46+00:00 CRITICAL syntax error, unexpected ';', expecting ')' in D:\wamp64\www\meromarketing\topupdeal\wp-content\themes\topupdeal\framework-customizations\extensions\shortcodes\shortcodes\sales\class-fw-shortcode-sales.php on line 9

2021-03-28T08:03:47+00:00 CRITICAL syntax error, unexpected ';', expecting ')' in D:\wamp64\www\meromarketing\topupdeal\wp-content\themes\topupdeal\framework-customizations\extensions\shortcodes\shortcodes\sales\class-fw-shortcode-sales.php on line 9

2021-03-28T08:10:23+00:00 CRITICAL Uncaught Error: Call to a member function get_permalink() on null in D:\wamp64\www\meromarketing\topupdeal\wp-content\themes\topupdeal\framework-customizations\extensions\shortcodes\shortcodes\sales\views\view.php:25
Stack trace:
#0 D:\wamp64\www\meromarketing\topupdeal\wp-content\plugins\unyson\framework\helpers\general.php(745): require()
#1 D:\wamp64\www\meromarketing\topupdeal\wp-content\themes\topupdeal\framework-customizations\extensions\shortcodes\shortcodes\sales\class-fw-shortcode-sales.php(11): fw_render_view('D:\\wamp64\\www\\m...', NULL)
#2 D:\wamp64\www\meromarketing\topupdeal\wp-content\plugins\unyson\framework\extensions\shortcodes\includes\class-fw-shortcode.php(191): FW_Shortcode_Sales->_render(Array, '')
#3 D:\wamp64\www\meromarketing\topupdeal\wp-includes\shortcodes.php(343): FW_Shortcode->render(Array, '', 'sales')
#4 [internal function]: do_shortcode_tag(Array)
#5 D:\wamp64\www\meromarketing\topupdeal\wp-includes\shortcodes.php(218): preg_replace_callback('/\\[(\\[?)(sales)...', 'do_short in D:\wamp64\www\meromarketing\topupdeal\wp-content\themes\topupdeal\framework-customizations\extensions\shortcodes\shortcodes\sales\views\view.php on line 25

2021-03-28T08:18:48+00:00 CRITICAL Uncaught Error: Call to undefined function fw_get_product_detail() in D:\wamp64\www\meromarketing\topupdeal\wp-content\themes\topupdeal\framework-customizations\extensions\shortcodes\shortcodes\sales\views\view.php:48
Stack trace:
#0 D:\wamp64\www\meromarketing\topupdeal\wp-content\plugins\unyson\framework\helpers\general.php(745): require()
#1 D:\wamp64\www\meromarketing\topupdeal\wp-content\themes\topupdeal\framework-customizations\extensions\shortcodes\shortcodes\sales\class-fw-shortcode-sales.php(11): fw_render_view('D:\\wamp64\\www\\m...', NULL)
#2 D:\wamp64\www\meromarketing\topupdeal\wp-content\plugins\unyson\framework\extensions\shortcodes\includes\class-fw-shortcode.php(191): FW_Shortcode_Sales->_render(Array, '')
#3 D:\wamp64\www\meromarketing\topupdeal\wp-includes\shortcodes.php(343): FW_Shortcode->render(Array, '', 'sales')
#4 [internal function]: do_shortcode_tag(Array)
#5 D:\wamp64\www\meromarketing\topupdeal\wp-includes\shortcodes.php(218): preg_replace_callback('/\\[(\\[?)(sales)...', 'do_shor in D:\wamp64\www\meromarketing\topupdeal\wp-content\themes\topupdeal\framework-customizations\extensions\shortcodes\shortcodes\sales\views\view.php on line 48

2021-03-28T08:18:54+00:00 CRITICAL Uncaught Error: Call to undefined function fw_get_product_detail() in D:\wamp64\www\meromarketing\topupdeal\wp-content\themes\topupdeal\framework-customizations\extensions\shortcodes\shortcodes\sales\views\view.php:48
Stack trace:
#0 D:\wamp64\www\meromarketing\topupdeal\wp-content\plugins\unyson\framework\helpers\general.php(745): require()
#1 D:\wamp64\www\meromarketing\topupdeal\wp-content\themes\topupdeal\framework-customizations\extensions\shortcodes\shortcodes\sales\class-fw-shortcode-sales.php(11): fw_render_view('D:\\wamp64\\www\\m...', NULL)
#2 D:\wamp64\www\meromarketing\topupdeal\wp-content\plugins\unyson\framework\extensions\shortcodes\includes\class-fw-shortcode.php(191): FW_Shortcode_Sales->_render(Array, '')
#3 D:\wamp64\www\meromarketing\topupdeal\wp-includes\shortcodes.php(343): FW_Shortcode->render(Array, '', 'sales')
#4 [internal function]: do_shortcode_tag(Array)
#5 D:\wamp64\www\meromarketing\topupdeal\wp-includes\shortcodes.php(218): preg_replace_callback('/\\[(\\[?)(sales)...', 'do_shor in D:\wamp64\www\meromarketing\topupdeal\wp-content\themes\topupdeal\framework-customizations\extensions\shortcodes\shortcodes\sales\views\view.php on line 48

2021-03-28T10:47:01+00:00 CRITICAL syntax error, unexpected 'endforeach' (T_ENDFOREACH), expecting elseif (T_ELSEIF) or else (T_ELSE) or endif (T_ENDIF) in D:\wamp64\www\meromarketing\topupdeal\wp-content\themes\topupdeal\framework-customizations\extensions\shortcodes\shortcodes\bestselling\views\view.php on line 56

2021-03-28T10:47:08+00:00 CRITICAL syntax error, unexpected 'endforeach' (T_ENDFOREACH), expecting elseif (T_ELSEIF) or else (T_ELSE) or endif (T_ENDIF) in D:\wamp64\www\meromarketing\topupdeal\wp-content\themes\topupdeal\framework-customizations\extensions\shortcodes\shortcodes\bestselling\views\view.php on line 56

2021-03-28T11:12:45+00:00 CRITICAL syntax error, unexpected '$view_path' (T_VARIABLE) in D:\wamp64\www\meromarketing\topupdeal\wp-content\themes\topupdeal\framework-customizations\extensions\shortcodes\shortcodes\single-category\class-fw-shortcode-single-category.php on line 16

2021-03-28T11:13:40+00:00 CRITICAL syntax error, unexpected '$view_path' (T_VARIABLE) in D:\wamp64\www\meromarketing\topupdeal\wp-content\themes\topupdeal\framework-customizations\extensions\shortcodes\shortcodes\single-category\class-fw-shortcode-single-category.php on line 18

2021-03-28T11:14:46+00:00 CRITICAL syntax error, unexpected '$view_path' (T_VARIABLE) in D:\wamp64\www\meromarketing\topupdeal\wp-content\themes\topupdeal\framework-customizations\extensions\shortcodes\shortcodes\single-category\class-fw-shortcode-single-category.php on line 18

2021-03-28T11:16:21+00:00 CRITICAL syntax error, unexpected '$view_path' (T_VARIABLE) in D:\wamp64\www\meromarketing\topupdeal\wp-content\themes\topupdeal\framework-customizations\extensions\shortcodes\shortcodes\single-category\class-fw-shortcode-single-category.php on line 18

2021-03-28T11:16:25+00:00 CRITICAL syntax error, unexpected '$view_path' (T_VARIABLE) in D:\wamp64\www\meromarketing\topupdeal\wp-content\themes\topupdeal\framework-customizations\extensions\shortcodes\shortcodes\single-category\class-fw-shortcode-single-category.php on line 18

2021-03-28T11:16:25+00:00 CRITICAL syntax error, unexpected '$view_path' (T_VARIABLE) in D:\wamp64\www\meromarketing\topupdeal\wp-content\themes\topupdeal\framework-customizations\extensions\shortcodes\shortcodes\single-category\class-fw-shortcode-single-category.php on line 18

2021-03-28T11:32:11+00:00 CRITICAL Object of class WP_Error could not be converted to string in D:\wamp64\www\meromarketing\topupdeal\wp-content\themes\topupdeal\framework-customizations\extensions\shortcodes\shortcodes\single-category\views\view.php on line 11

2021-03-28T11:32:21+00:00 CRITICAL Object of class WP_Error could not be converted to string in D:\wamp64\www\meromarketing\topupdeal\wp-content\themes\topupdeal\framework-customizations\extensions\shortcodes\shortcodes\single-category\views\view.php on line 11

2021-03-28T12:21:40+00:00 CRITICAL Uncaught Error: Cannot access protected property WC_Product_Query::$query_vars in D:\wamp64\www\meromarketing\topupdeal\wp-content\themes\topupdeal\framework-customizations\extensions\shortcodes\shortcodes\product-grid\class-fw-shortcode-product-grid.php:17
Stack trace:
#0 D:\wamp64\www\meromarketing\topupdeal\wp-content\plugins\unyson\framework\extensions\shortcodes\includes\class-fw-shortcode.php(191): FW_Shortcode_Product_Grid->_render(Array, '')
#1 D:\wamp64\www\meromarketing\topupdeal\wp-includes\shortcodes.php(343): FW_Shortcode->render(Array, '', 'product_grid')
#2 [internal function]: do_shortcode_tag(Array)
#3 D:\wamp64\www\meromarketing\topupdeal\wp-includes\shortcodes.php(218): preg_replace_callback('/\\[(\\[?)(produc...', 'do_shortcode_ta...', '[product_grid][...')
#4 D:\wamp64\www\meromarketing\topupdeal\wp-content\plugins\unyson\framework\extensions\shortcodes\shortcodes\column\views\view.php(6): do_shortcode('[product_grid][...')
#5 D:\wamp64\www\meromarketing\topupdeal\wp-content\plugins\unyso in D:\wamp64\www\meromarketing\topupdeal\wp-content\themes\topupdeal\framework-customizations\extensions\shortcodes\shortcodes\product-grid\class-fw-shortcode-product-grid.php on line 17

2021-03-28T12:21:46+00:00 CRITICAL Uncaught Error: Cannot access protected property WC_Product_Query::$query_vars in D:\wamp64\www\meromarketing\topupdeal\wp-content\themes\topupdeal\framework-customizations\extensions\shortcodes\shortcodes\product-grid\class-fw-shortcode-product-grid.php:17
Stack trace:
#0 D:\wamp64\www\meromarketing\topupdeal\wp-content\plugins\unyson\framework\extensions\shortcodes\includes\class-fw-shortcode.php(191): FW_Shortcode_Product_Grid->_render(Array, '')
#1 D:\wamp64\www\meromarketing\topupdeal\wp-includes\shortcodes.php(343): FW_Shortcode->render(Array, '', 'product_grid')
#2 [internal function]: do_shortcode_tag(Array)
#3 D:\wamp64\www\meromarketing\topupdeal\wp-includes\shortcodes.php(218): preg_replace_callback('/\\[(\\[?)(produc...', 'do_shortcode_ta...', '[product_grid][...')
#4 D:\wamp64\www\meromarketing\topupdeal\wp-content\plugins\unyson\framework\extensions\shortcodes\shortcodes\column\views\view.php(6): do_shortcode('[product_grid][...')
#5 D:\wamp64\www\meromarketing\topupdeal\wp-content\plugins\unyso in D:\wamp64\www\meromarketing\topupdeal\wp-content\themes\topupdeal\framework-customizations\extensions\shortcodes\shortcodes\product-grid\class-fw-shortcode-product-grid.php on line 17

2021-03-28T12:22:15+00:00 CRITICAL Uncaught Error: Cannot access protected property WC_Product_Query::$query_vars in D:\wamp64\www\meromarketing\topupdeal\wp-content\themes\topupdeal\framework-customizations\extensions\shortcodes\shortcodes\product-grid\class-fw-shortcode-product-grid.php:18
Stack trace:
#0 D:\wamp64\www\meromarketing\topupdeal\wp-content\plugins\unyson\framework\extensions\shortcodes\includes\class-fw-shortcode.php(191): FW_Shortcode_Product_Grid->_render(Array, '')
#1 D:\wamp64\www\meromarketing\topupdeal\wp-includes\shortcodes.php(343): FW_Shortcode->render(Array, '', 'product_grid')
#2 [internal function]: do_shortcode_tag(Array)
#3 D:\wamp64\www\meromarketing\topupdeal\wp-includes\shortcodes.php(218): preg_replace_callback('/\\[(\\[?)(produc...', 'do_shortcode_ta...', '[product_grid][...')
#4 D:\wamp64\www\meromarketing\topupdeal\wp-content\plugins\unyson\framework\extensions\shortcodes\shortcodes\column\views\view.php(6): do_shortcode('[product_grid][...')
#5 D:\wamp64\www\meromarketing\topupdeal\wp-content\plugins\unyso in D:\wamp64\www\meromarketing\topupdeal\wp-content\themes\topupdeal\framework-customizations\extensions\shortcodes\shortcodes\product-grid\class-fw-shortcode-product-grid.php on line 18

2021-03-28T12:22:19+00:00 CRITICAL Uncaught Error: Cannot access protected property WC_Product_Query::$query_vars in D:\wamp64\www\meromarketing\topupdeal\wp-content\themes\topupdeal\framework-customizations\extensions\shortcodes\shortcodes\product-grid\class-fw-shortcode-product-grid.php:18
Stack trace:
#0 D:\wamp64\www\meromarketing\topupdeal\wp-content\plugins\unyson\framework\extensions\shortcodes\includes\class-fw-shortcode.php(191): FW_Shortcode_Product_Grid->_render(Array, '')
#1 D:\wamp64\www\meromarketing\topupdeal\wp-includes\shortcodes.php(343): FW_Shortcode->render(Array, '', 'product_grid')
#2 [internal function]: do_shortcode_tag(Array)
#3 D:\wamp64\www\meromarketing\topupdeal\wp-includes\shortcodes.php(218): preg_replace_callback('/\\[(\\[?)(produc...', 'do_shortcode_ta...', '[product_grid][...')
#4 D:\wamp64\www\meromarketing\topupdeal\wp-content\plugins\unyson\framework\extensions\shortcodes\shortcodes\column\views\view.php(6): do_shortcode('[product_grid][...')
#5 D:\wamp64\www\meromarketing\topupdeal\wp-content\plugins\unyso in D:\wamp64\www\meromarketing\topupdeal\wp-content\themes\topupdeal\framework-customizations\extensions\shortcodes\shortcodes\product-grid\class-fw-shortcode-product-grid.php on line 18

2021-03-28T12:28:59+00:00 CRITICAL Uncaught Error: Call to undefined method stdClass::get_query_vars() in D:\wamp64\www\meromarketing\topupdeal\wp-content\themes\topupdeal\framework-customizations\extensions\shortcodes\shortcodes\product-grid\class-fw-shortcode-product-grid.php:34
Stack trace:
#0 D:\wamp64\www\meromarketing\topupdeal\wp-content\plugins\unyson\framework\extensions\shortcodes\includes\class-fw-shortcode.php(191): FW_Shortcode_Product_Grid->_render(Array, '')
#1 D:\wamp64\www\meromarketing\topupdeal\wp-includes\shortcodes.php(343): FW_Shortcode->render(Array, '', 'product_grid')
#2 [internal function]: do_shortcode_tag(Array)
#3 D:\wamp64\www\meromarketing\topupdeal\wp-includes\shortcodes.php(218): preg_replace_callback('/\\[(\\[?)(produc...', 'do_shortcode_ta...', '[product_grid][...')
#4 D:\wamp64\www\meromarketing\topupdeal\wp-content\plugins\unyson\framework\extensions\shortcodes\shortcodes\column\views\view.php(6): do_shortcode('[product_grid][...')
#5 D:\wamp64\www\meromarketing\topupdeal\wp-content\plugins\unyson\framework in D:\wamp64\www\meromarketing\topupdeal\wp-content\themes\topupdeal\framework-customizations\extensions\shortcodes\shortcodes\product-grid\class-fw-shortcode-product-grid.php on line 34

2021-03-28T12:29:02+00:00 CRITICAL Uncaught Error: Call to undefined method stdClass::get_query_vars() in D:\wamp64\www\meromarketing\topupdeal\wp-content\themes\topupdeal\framework-customizations\extensions\shortcodes\shortcodes\product-grid\class-fw-shortcode-product-grid.php:34
Stack trace:
#0 D:\wamp64\www\meromarketing\topupdeal\wp-content\plugins\unyson\framework\extensions\shortcodes\includes\class-fw-shortcode.php(191): FW_Shortcode_Product_Grid->_render(Array, '')
#1 D:\wamp64\www\meromarketing\topupdeal\wp-includes\shortcodes.php(343): FW_Shortcode->render(Array, '', 'product_grid')
#2 [internal function]: do_shortcode_tag(Array)
#3 D:\wamp64\www\meromarketing\topupdeal\wp-includes\shortcodes.php(218): preg_replace_callback('/\\[(\\[?)(produc...', 'do_shortcode_ta...', '[product_grid][...')
#4 D:\wamp64\www\meromarketing\topupdeal\wp-content\plugins\unyson\framework\extensions\shortcodes\shortcodes\column\views\view.php(6): do_shortcode('[product_grid][...')
#5 D:\wamp64\www\meromarketing\topupdeal\wp-content\plugins\unyson\framework in D:\wamp64\www\meromarketing\topupdeal\wp-content\themes\topupdeal\framework-customizations\extensions\shortcodes\shortcodes\product-grid\class-fw-shortcode-product-grid.php on line 34

2021-03-28T14:20:30+00:00 CRITICAL Uncaught Error: Call to undefined function get_post_thubnail_url() in D:\wamp64\www\meromarketing\topupdeal\wp-content\themes\topupdeal\framework-customizations\extensions\shortcodes\shortcodes\latest-news\views\view.php:35
Stack trace:
#0 D:\wamp64\www\meromarketing\topupdeal\wp-content\plugins\unyson\framework\helpers\general.php(745): require()
#1 D:\wamp64\www\meromarketing\topupdeal\wp-content\plugins\unyson\framework\extensions\shortcodes\includes\class-fw-shortcode.php(226): fw_render_view('D:\\wamp64\\www\\m...', NULL)
#2 D:\wamp64\www\meromarketing\topupdeal\wp-content\plugins\unyson\framework\extensions\shortcodes\includes\class-fw-shortcode.php(191): FW_Shortcode->_render(Array, '')
#3 D:\wamp64\www\meromarketing\topupdeal\wp-includes\shortcodes.php(343): FW_Shortcode->render(Array, '', 'latest_news')
#4 [internal function]: do_shortcode_tag(Array)
#5 D:\wamp64\www\meromarketing\topupdeal\wp-includes\shortcodes.php(218): preg_replace_callback('/\\[(\\[?)(latest...', 'do_shortcode_ta...', '[latest_n in D:\wamp64\www\meromarketing\topupdeal\wp-content\themes\topupdeal\framework-customizations\extensions\shortcodes\shortcodes\latest-news\views\view.php on line 35

2021-03-28T14:20:35+00:00 CRITICAL Uncaught Error: Call to undefined function get_post_thubnail_url() in D:\wamp64\www\meromarketing\topupdeal\wp-content\themes\topupdeal\framework-customizations\extensions\shortcodes\shortcodes\latest-news\views\view.php:35
Stack trace:
#0 D:\wamp64\www\meromarketing\topupdeal\wp-content\plugins\unyson\framework\helpers\general.php(745): require()
#1 D:\wamp64\www\meromarketing\topupdeal\wp-content\plugins\unyson\framework\extensions\shortcodes\includes\class-fw-shortcode.php(226): fw_render_view('D:\\wamp64\\www\\m...', NULL)
#2 D:\wamp64\www\meromarketing\topupdeal\wp-content\plugins\unyson\framework\extensions\shortcodes\includes\class-fw-shortcode.php(191): FW_Shortcode->_render(Array, '')
#3 D:\wamp64\www\meromarketing\topupdeal\wp-includes\shortcodes.php(343): FW_Shortcode->render(Array, '', 'latest_news')
#4 [internal function]: do_shortcode_tag(Array)
#5 D:\wamp64\www\meromarketing\topupdeal\wp-includes\shortcodes.php(218): preg_replace_callback('/\\[(\\[?)(latest...', 'do_shortcode_ta...', '[latest_n in D:\wamp64\www\meromarketing\topupdeal\wp-content\themes\topupdeal\framework-customizations\extensions\shortcodes\shortcodes\latest-news\views\view.php on line 35

2021-03-28T16:53:16+00:00 CRITICAL syntax error, unexpected '<', expecting end of file in D:\wamp64\www\meromarketing\topupdeal\wp-content\themes\topupdeal\page.php on line 273

2021-03-28T17:24:54+00:00 CRITICAL syntax error, unexpected ',' in D:\wamp64\www\meromarketing\topupdeal\wp-content\themes\topupdeal\framework-customizations\extensions\shortcodes\shortcodes\about\options.php on line 16

2021-03-28T17:24:56+00:00 CRITICAL syntax error, unexpected ',' in D:\wamp64\www\meromarketing\topupdeal\wp-content\themes\topupdeal\framework-customizations\extensions\shortcodes\shortcodes\about\options.php on line 16

2021-03-28T17:25:09+00:00 CRITICAL syntax error, unexpected ')' in D:\wamp64\www\meromarketing\topupdeal\wp-content\themes\topupdeal\framework-customizations\extensions\shortcodes\shortcodes\about\options.php on line 19

2021-03-28T17:33:31+00:00 CRITICAL syntax error, unexpected ''block_image'' (T_CONSTANT_ENCAPSED_STRING), expecting ')' in D:\wamp64\www\meromarketing\topupdeal\wp-content\themes\topupdeal\framework-customizations\extensions\shortcodes\shortcodes\about\options.php on line 17

2021-03-28T17:33:38+00:00 CRITICAL syntax error, unexpected ''clients'' (T_CONSTANT_ENCAPSED_STRING), expecting ')' in D:\wamp64\www\meromarketing\topupdeal\wp-content\themes\topupdeal\framework-customizations\extensions\shortcodes\shortcodes\about\options.php on line 17

2021-03-28T19:10:57+00:00 CRITICAL syntax error, unexpected 'function' (T_FUNCTION) in D:\wamp64\www\meromarketing\topupdeal\wp-content\themes\topupdeal\inc\hooks.php on line 402

2021-03-28T19:11:18+00:00 CRITICAL syntax error, unexpected 'function' (T_FUNCTION) in D:\wamp64\www\meromarketing\topupdeal\wp-content\themes\topupdeal\inc\hooks.php on line 402

2021-03-28T19:11:18+00:00 CRITICAL syntax error, unexpected 'function' (T_FUNCTION) in D:\wamp64\www\meromarketing\topupdeal\wp-content\themes\topupdeal\inc\hooks.php on line 402

