2021-04-14T15:38:54+00:00 CRITICAL Uncaught Error: Call to undefined function signup_user() in D:\wamp64\www\meromarketing\topupdeal\wp-content\themes\topupdeal\ajax\login.php:21
Stack trace:
#0 D:\wamp64\www\meromarketing\topupdeal\wp-includes\template.php(732): require()
#1 D:\wamp64\www\meromarketing\topupdeal\wp-includes\template.php(676): load_template('D:\\wamp64\\www\\m...', false, Array)
#2 D:\wamp64\www\meromarketing\topupdeal\wp-includes\general-template.php(204): locate_template(Array, true, false, Array)
#3 D:\wamp64\www\meromarketing\topupdeal\wp-content\themes\topupdeal\footer.php(155): get_template_part('ajax/login')
#4 D:\wamp64\www\meromarketing\topupdeal\wp-includes\template.php(730): require_once('D:\\wamp64\\www\\m...')
#5 D:\wamp64\www\meromarketing\topupdeal\wp-includes\template.php(676): load_template('D:\\wamp64\\www\\m...', true, Array)
#6 D:\wamp64\www\meromarketing\topupdeal\wp-includes\general-template.php(92): locate_template(Array, true, true, Array)
#7 D:\wamp64\www\meromarketing\topupdeal\wp-content\themes\topup in D:\wamp64\www\meromarketing\topupdeal\wp-content\themes\topupdeal\ajax\login.php on line 21

2021-04-14T15:41:16+00:00 CRITICAL Uncaught Error: Call to undefined function show_user_form() in D:\wamp64\www\meromarketing\topupdeal\wp-content\themes\topupdeal\ajax\login.php:27
Stack trace:
#0 D:\wamp64\www\meromarketing\topupdeal\wp-includes\template.php(732): require()
#1 D:\wamp64\www\meromarketing\topupdeal\wp-includes\template.php(676): load_template('D:\\wamp64\\www\\m...', false, Array)
#2 D:\wamp64\www\meromarketing\topupdeal\wp-includes\general-template.php(204): locate_template(Array, true, false, Array)
#3 D:\wamp64\www\meromarketing\topupdeal\wp-content\themes\topupdeal\footer.php(155): get_template_part('ajax/login')
#4 D:\wamp64\www\meromarketing\topupdeal\wp-includes\template.php(730): require_once('D:\\wamp64\\www\\m...')
#5 D:\wamp64\www\meromarketing\topupdeal\wp-includes\template.php(676): load_template('D:\\wamp64\\www\\m...', true, Array)
#6 D:\wamp64\www\meromarketing\topupdeal\wp-includes\general-template.php(92): locate_template(Array, true, true, Array)
#7 D:\wamp64\www\meromarketing\topupdeal\wp-content\themes\to in D:\wamp64\www\meromarketing\topupdeal\wp-content\themes\topupdeal\ajax\login.php on line 27

2021-04-14T15:45:12+00:00 CRITICAL Uncaught Error: Call to undefined function show_user_form() in D:\wamp64\www\meromarketing\topupdeal\wp-content\themes\topupdeal\ajax\login.php:24
Stack trace:
#0 D:\wamp64\www\meromarketing\topupdeal\wp-includes\template.php(732): require()
#1 D:\wamp64\www\meromarketing\topupdeal\wp-includes\template.php(676): load_template('D:\\wamp64\\www\\m...', false, Array)
#2 D:\wamp64\www\meromarketing\topupdeal\wp-includes\general-template.php(204): locate_template(Array, true, false, Array)
#3 D:\wamp64\www\meromarketing\topupdeal\wp-content\themes\topupdeal\footer.php(155): get_template_part('ajax/login')
#4 D:\wamp64\www\meromarketing\topupdeal\wp-includes\template.php(730): require_once('D:\\wamp64\\www\\m...')
#5 D:\wamp64\www\meromarketing\topupdeal\wp-includes\template.php(676): load_template('D:\\wamp64\\www\\m...', true, Array)
#6 D:\wamp64\www\meromarketing\topupdeal\wp-includes\general-template.php(92): locate_template(Array, true, true, Array)
#7 D:\wamp64\www\meromarketing\topupdeal\wp-content\themes\to in D:\wamp64\www\meromarketing\topupdeal\wp-content\themes\topupdeal\ajax\login.php on line 24

2021-04-14T15:45:16+00:00 CRITICAL Uncaught Error: Call to undefined function show_user_form() in D:\wamp64\www\meromarketing\topupdeal\wp-content\themes\topupdeal\ajax\login.php:24
Stack trace:
#0 D:\wamp64\www\meromarketing\topupdeal\wp-includes\template.php(732): require()
#1 D:\wamp64\www\meromarketing\topupdeal\wp-includes\template.php(676): load_template('D:\\wamp64\\www\\m...', false, Array)
#2 D:\wamp64\www\meromarketing\topupdeal\wp-includes\general-template.php(204): locate_template(Array, true, false, Array)
#3 D:\wamp64\www\meromarketing\topupdeal\wp-content\themes\topupdeal\footer.php(155): get_template_part('ajax/login')
#4 D:\wamp64\www\meromarketing\topupdeal\wp-includes\template.php(730): require_once('D:\\wamp64\\www\\m...')
#5 D:\wamp64\www\meromarketing\topupdeal\wp-includes\template.php(676): load_template('D:\\wamp64\\www\\m...', true, Array)
#6 D:\wamp64\www\meromarketing\topupdeal\wp-includes\general-template.php(92): locate_template(Array, true, true, Array)
#7 D:\wamp64\www\meromarketing\topupdeal\wp-content\themes\to in D:\wamp64\www\meromarketing\topupdeal\wp-content\themes\topupdeal\ajax\login.php on line 24

